# JRE version: OpenJDK Runtime Environment Corretto-17.0.10.7.1 (17.0.10+7) (build 17.0.10+7-LTS)
# Java VM: OpenJDK 64-Bit Server VM Corretto-17.0.10.7.1 (17.0.10+7-LTS, mixed mode, sharing, tiered, compressed oops, compressed class ptrs, g1 gc, windows-amd64)
GC Precious Log:
 CPUs: 8 total, 8 available
 Memory: 6086M
 Large Page Support: Disabled
 NUMA Support: Disabled
 Compressed Oops: Enabled (32-bit)
 Heap Region Size: 1M
 Heap Min Capacity: 8M
 Heap Initial Capacity: 96M
 Heap Max Capacity: 512M
 Pre-touch: Disabled
 Parallel Workers: 8
 Concurrent Workers: 2
 Concurrent Refinement Workers: 8
 Periodic GC: Disabled
Heap:
 garbage-first heap   total 75776K, used 43643K [0x00000000e0000000, 0x0000000100000000)
  region size 1024K, 17 young (17408K), 4 survivors (4096K)
 Metaspace       used 45269K, committed 45760K, reserved 1114112K
  class space    used 6234K, committed 6464K, reserved 1048576K
GC Heap History (20 events):
Event: 1.325 GC heap before
{Heap before GC invocations=0 (full 0):
 garbage-first heap   total 98304K, used 24576K [0x00000000e0000000, 0x0000000100000000)
  region size 1024K, 23 young (23552K), 0 survivors (0K)
 Metaspace       used 3907K, committed 4032K, reserved 1114112K
  class space    used 457K, committed 512K, reserved 1048576K
}
Event: 1.342 GC heap after
{Heap after GC invocations=1 (full 0):
 garbage-first heap   total 98304K, used 13504K [0x00000000e0000000, 0x0000000100000000)
  region size 1024K, 3 young (3072K), 3 survivors (3072K)
 Metaspace       used 3907K, committed 4032K, reserved 1114112K
  class space    used 457K, committed 512K, reserved 1048576K
}
Event: 2.123 GC heap before
{Heap before GC invocations=1 (full 0):
 garbage-first heap   total 98304K, used 25792K [0x00000000e0000000, 0x0000000100000000)
  region size 1024K, 15 young (15360K), 3 survivors (3072K)
 Metaspace       used 7113K, committed 7296K, reserved 1114112K
  class space    used 913K, committed 1024K, reserved 1048576K
}
Event: 2.129 GC heap after
{Heap after GC invocations=2 (full 0):
 garbage-first heap   total 98304K, used 14652K [0x00000000e0000000, 0x0000000100000000)
  region size 1024K, 2 young (2048K), 2 survivors (2048K)
 Metaspace       used 7113K, committed 7296K, reserved 1114112K
  class space    used 913K, committed 1024K, reserved 1048576K
}
Event: 3.363 GC heap before
{Heap before GC invocations=2 (full 0):
 garbage-first heap   total 98304K, used 44348K [0x00000000e0000000, 0x0000000100000000)
  region size 1024K, 31 young (31744K), 2 survivors (2048K)
 Metaspace       used 13209K, committed 13504K, reserved 1114112K
  class space    used 1750K, committed 1856K, reserved 1048576K
}
Event: 3.368 GC heap after
{Heap after GC invocations=3 (full 0):
 garbage-first heap   total 98304K, used 16522K [0x00000000e0000000, 0x0000000100000000)
  region size 1024K, 3 young (3072K), 3 survivors (3072K)
 Metaspace       used 13209K, committed 13504K, reserved 1114112K
  class space    used 1750K, committed 1856K, reserved 1048576K
}
Event: 4.435 GC heap before
{Heap before GC invocations=3 (full 0):
 garbage-first heap   total 98304K, used 59530K [0x00000000e0000000, 0x0000000100000000)
  region size 1024K, 45 young (46080K), 3 survivors (3072K)
 Metaspace       used 20384K, committed 20736K, reserved 1114112K
  class space    used 2861K, committed 3008K, reserved 1048576K
}
Event: 4.444 GC heap after
{Heap after GC invocations=4 (full 0):
 garbage-first heap   total 98304K, used 18883K [0x00000000e0000000, 0x0000000100000000)
  region size 1024K, 6 young (6144K), 6 survivors (6144K)
 Metaspace       used 20384K, committed 20736K, reserved 1114112K
  class space    used 2861K, committed 3008K, reserved 1048576K
}
Event: 4.557 GC heap before
{Heap before GC invocations=4 (full 0):
 garbage-first heap   total 98304K, used 24003K [0x00000000e0000000, 0x0000000100000000)
  region size 1024K, 12 young (12288K), 6 survivors (6144K)
 Metaspace       used 21214K, committed 21504K, reserved 1114112K
  class space    used 2946K, committed 3136K, reserved 1048576K
}
Event: 4.566 GC heap after
{Heap after GC invocations=5 (full 0):
 garbage-first heap   total 98304K, used 19506K [0x00000000e0000000, 0x0000000100000000)
  region size 1024K, 4 young (4096K), 4 survivors (4096K)
 Metaspace       used 21214K, committed 21504K, reserved 1114112K
  class space    used 2946K, committed 3136K, reserved 1048576K
}
Event: 5.369 GC heap before
{Heap before GC invocations=6 (full 0):
 garbage-first heap   total 75776K, used 60466K [0x00000000e0000000, 0x0000000100000000)
  region size 1024K, 44 young (45056K), 4 survivors (4096K)
 Metaspace       used 26753K, committed 27072K, reserved 1114112K
  class space    used 3613K, committed 3776K, reserved 1048576K
}
Event: 5.376 GC heap after
{Heap after GC invocations=7 (full 0):
 garbage-first heap   total 75776K, used 21925K [0x00000000e0000000, 0x0000000100000000)
  region size 1024K, 6 young (6144K), 6 survivors (6144K)
 Metaspace       used 26753K, committed 27072K, reserved 1114112K
  class space    used 3613K, committed 3776K, reserved 1048576K
}
Event: 6.667 GC heap before
{Heap before GC invocations=7 (full 0):
 garbage-first heap   total 75776K, used 51621K [0x00000000e0000000, 0x0000000100000000)
  region size 1024K, 36 young (36864K), 6 survivors (6144K)
 Metaspace       used 30649K, committed 31040K, reserved 1114112K
  class space    used 4124K, committed 4288K, reserved 1048576K
}
Event: 6.676 GC heap after
{Heap after GC invocations=8 (full 0):
 garbage-first heap   total 75776K, used 23203K [0x00000000e0000000, 0x0000000100000000)
  region size 1024K, 2 young (2048K), 2 survivors (2048K)
 Metaspace       used 30649K, committed 31040K, reserved 1114112K
  class space    used 4124K, committed 4288K, reserved 1048576K
}
Event: 7.886 GC heap before
{Heap before GC invocations=8 (full 0):
 garbage-first heap   total 75776K, used 51875K [0x00000000e0000000, 0x0000000100000000)
  region size 1024K, 31 young (31744K), 2 survivors (2048K)
 Metaspace       used 35771K, committed 36160K, reserved 1114112K
  class space    used 4905K, committed 5120K, reserved 1048576K
}
Event: 7.896 GC heap after
{Heap after GC invocations=9 (full 0):
 garbage-first heap   total 75776K, used 25568K [0x00000000e0000000, 0x0000000100000000)
  region size 1024K, 5 young (5120K), 5 survivors (5120K)
 Metaspace       used 35771K, committed 36160K, reserved 1114112K
  class space    used 4905K, committed 5120K, reserved 1048576K
}
Event: 8.981 GC heap before
{Heap before GC invocations=10 (full 0):
 garbage-first heap   total 75776K, used 54240K [0x00000000e0000000, 0x0000000100000000)
  region size 1024K, 34 young (34816K), 5 survivors (5120K)
 Metaspace       used 39911K, committed 40256K, reserved 1114112K
  class space    used 5467K, committed 5632K, reserved 1048576K
}
Event: 8.989 GC heap after
{Heap after GC invocations=11 (full 0):
 garbage-first heap   total 75776K, used 28075K [0x00000000e0000000, 0x0000000100000000)
  region size 1024K, 5 young (5120K), 5 survivors (5120K)
 Metaspace       used 39911K, committed 40256K, reserved 1114112K
  class space    used 5467K, committed 5632K, reserved 1048576K
}
Event: 9.991 GC heap before
{Heap before GC invocations=11 (full 0):
 garbage-first heap   total 75776K, used 56747K [0x00000000e0000000, 0x0000000100000000)
  region size 1024K, 33 young (33792K), 5 survivors (5120K)
 Metaspace       used 43396K, committed 43840K, reserved 1114112K
  class space    used 5954K, committed 6144K, reserved 1048576K
}
Event: 9.999 GC heap after
{Heap after GC invocations=12 (full 0):
 garbage-first heap   total 75776K, used 31355K [0x00000000e0000000, 0x0000000100000000)
  region size 1024K, 4 young (4096K), 4 survivors (4096K)
 Metaspace       used 43396K, committed 43840K, reserved 1114112K
  class space    used 5954K, committed 6144K, reserved 1048576K
}

