# JRE version: OpenJDK Runtime Environment Corretto-17.0.10.7.1 (17.0.10+7) (build 17.0.10+7-LTS)
# Java VM: OpenJDK 64-Bit Server VM Corretto-17.0.10.7.1 (17.0.10+7-LTS, mixed mode, sharing, tiered, compressed oops, compressed class ptrs, g1 gc, windows-amd64)
GC Precious Log:
 CPUs: 8 total, 8 available
 Memory: 6086M
 Large Page Support: Disabled
 NUMA Support: Disabled
 Compressed Oops: Enabled (32-bit)
 Heap Region Size: 1M
 Heap Min Capacity: 256M
 Heap Initial Capacity: 256M
 Heap Max Capacity: 512M
 Pre-touch: Disabled
 Parallel Workers: 8
 Concurrent Workers: 2
 Concurrent Refinement Workers: 8
 Periodic GC: Disabled
Heap:
 garbage-first heap   total 262144K, used 198019K [0x00000000e0000000, 0x0000000100000000)
  region size 1024K, 14 young (14336K), 4 survivors (4096K)
 Metaspace       used 70645K, committed 71360K, reserved 393216K
  class space    used 9331K, committed 9664K, reserved 327680K
GC Heap History (20 events):
Event: 36.363 GC heap before
{Heap before GC invocations=18 (full 0):
 garbage-first heap   total 262144K, used 131236K [0x00000000e0000000, 0x0000000100000000)
  region size 1024K, 12 young (12288K), 2 survivors (2048K)
 Metaspace       used 64501K, committed 65152K, reserved 393216K
  class space    used 8701K, committed 9024K, reserved 327680K
}
Event: 36.375 GC heap after
{Heap after GC invocations=19 (full 0):
 garbage-first heap   total 262144K, used 121660K [0x00000000e0000000, 0x0000000100000000)
  region size 1024K, 2 young (2048K), 2 survivors (2048K)
 Metaspace       used 64501K, committed 65152K, reserved 393216K
  class space    used 8701K, committed 9024K, reserved 327680K
}
Event: 38.665 GC heap before
{Heap before GC invocations=19 (full 0):
 garbage-first heap   total 262144K, used 195388K [0x00000000e0000000, 0x0000000100000000)
  region size 1024K, 74 young (75776K), 2 survivors (2048K)
 Metaspace       used 67040K, committed 67648K, reserved 393216K
  class space    used 8974K, committed 9280K, reserved 327680K
}
Event: 38.674 GC heap after
{Heap after GC invocations=20 (full 0):
 garbage-first heap   total 262144K, used 123851K [0x00000000e0000000, 0x0000000100000000)
  region size 1024K, 5 young (5120K), 5 survivors (5120K)
 Metaspace       used 67040K, committed 67648K, reserved 393216K
  class space    used 8974K, committed 9280K, reserved 327680K
}
Event: 39.710 GC heap before
{Heap before GC invocations=21 (full 0):
 garbage-first heap   total 262144K, used 200651K [0x00000000e0000000, 0x0000000100000000)
  region size 1024K, 80 young (81920K), 5 survivors (5120K)
 Metaspace       used 67372K, committed 68032K, reserved 393216K
  class space    used 8989K, committed 9280K, reserved 327680K
}
Event: 39.721 GC heap after
{Heap after GC invocations=22 (full 0):
 garbage-first heap   total 262144K, used 125844K [0x00000000e0000000, 0x0000000100000000)
  region size 1024K, 7 young (7168K), 7 survivors (7168K)
 Metaspace       used 67372K, committed 68032K, reserved 393216K
  class space    used 8989K, committed 9280K, reserved 327680K
}
Event: 39.790 GC heap before
{Heap before GC invocations=22 (full 0):
 garbage-first heap   total 262144K, used 130964K [0x00000000e0000000, 0x0000000100000000)
  region size 1024K, 12 young (12288K), 7 survivors (7168K)
 Metaspace       used 67373K, committed 68032K, reserved 393216K
  class space    used 8989K, committed 9280K, reserved 327680K
}
Event: 39.823 GC heap after
{Heap after GC invocations=23 (full 0):
 garbage-first heap   total 262144K, used 123694K [0x00000000e0000000, 0x0000000100000000)
  region size 1024K, 1 young (1024K), 1 survivors (1024K)
 Metaspace       used 67373K, committed 68032K, reserved 393216K
  class space    used 8989K, committed 9280K, reserved 327680K
}
Event: 41.291 GC heap before
{Heap before GC invocations=23 (full 0):
 garbage-first heap   total 262144K, used 205614K [0x00000000e0000000, 0x0000000100000000)
  region size 1024K, 81 young (82944K), 1 survivors (1024K)
 Metaspace       used 68813K, committed 69440K, reserved 393216K
  class space    used 9169K, committed 9472K, reserved 327680K
}
Event: 41.300 GC heap after
{Heap after GC invocations=24 (full 0):
 garbage-first heap   total 262144K, used 125639K [0x00000000e0000000, 0x0000000100000000)
  region size 1024K, 3 young (3072K), 3 survivors (3072K)
 Metaspace       used 68813K, committed 69440K, reserved 393216K
  class space    used 9169K, committed 9472K, reserved 327680K
}
Event: 45.381 GC heap before
{Heap before GC invocations=25 (full 0):
 garbage-first heap   total 262144K, used 211655K [0x00000000e0000000, 0x0000000100000000)
  region size 1024K, 85 young (87040K), 3 survivors (3072K)
 Metaspace       used 70381K, committed 70976K, reserved 393216K
  class space    used 9314K, committed 9600K, reserved 327680K
}
Event: 45.415 GC heap after
{Heap after GC invocations=26 (full 0):
 garbage-first heap   total 262144K, used 145519K [0x00000000e0000000, 0x0000000100000000)
  region size 1024K, 11 young (11264K), 11 survivors (11264K)
 Metaspace       used 70381K, committed 70976K, reserved 393216K
  class space    used 9314K, committed 9600K, reserved 327680K
}
Event: 45.436 GC heap before
{Heap before GC invocations=26 (full 0):
 garbage-first heap   total 262144K, used 146543K [0x00000000e0000000, 0x0000000100000000)
  region size 1024K, 12 young (12288K), 11 survivors (11264K)
 Metaspace       used 70381K, committed 70976K, reserved 393216K
  class space    used 9314K, committed 9600K, reserved 327680K
}
Event: 45.461 GC heap after
{Heap after GC invocations=27 (full 0):
 garbage-first heap   total 262144K, used 146035K [0x00000000e0000000, 0x0000000100000000)
  region size 1024K, 2 young (2048K), 2 survivors (2048K)
 Metaspace       used 70381K, committed 70976K, reserved 393216K
  class space    used 9314K, committed 9600K, reserved 327680K
}
Event: 46.692 GC heap before
{Heap before GC invocations=27 (full 0):
 garbage-first heap   total 262144K, used 206451K [0x00000000e0000000, 0x0000000100000000)
  region size 1024K, 60 young (61440K), 2 survivors (2048K)
 Metaspace       used 70542K, committed 71168K, reserved 393216K
  class space    used 9331K, committed 9664K, reserved 327680K
}
Event: 46.734 GC heap after
{Heap after GC invocations=28 (full 0):
 garbage-first heap   total 262144K, used 177768K [0x00000000e0000000, 0x0000000100000000)
  region size 1024K, 8 young (8192K), 8 survivors (8192K)
 Metaspace       used 70542K, committed 71168K, reserved 393216K
  class space    used 9331K, committed 9664K, reserved 327680K
}
Event: 47.549 GC heap before
{Heap before GC invocations=28 (full 0):
 garbage-first heap   total 262144K, used 206440K [0x00000000e0000000, 0x0000000100000000)
  region size 1024K, 37 young (37888K), 8 survivors (8192K)
 Metaspace       used 70580K, committed 71296K, reserved 393216K
  class space    used 9331K, committed 9664K, reserved 327680K
}
Event: 47.571 GC heap after
{Heap after GC invocations=29 (full 0):
 garbage-first heap   total 262144K, used 186289K [0x00000000e0000000, 0x0000000100000000)
  region size 1024K, 5 young (5120K), 5 survivors (5120K)
 Metaspace       used 70580K, committed 71296K, reserved 393216K
  class space    used 9331K, committed 9664K, reserved 327680K
}
Event: 48.074 GC heap before
{Heap before GC invocations=29 (full 0):
 garbage-first heap   total 262144K, used 211889K [0x00000000e0000000, 0x0000000100000000)
  region size 1024K, 31 young (31744K), 5 survivors (5120K)
 Metaspace       used 70645K, committed 71360K, reserved 393216K
  class space    used 9331K, committed 9664K, reserved 327680K
}
Event: 48.086 GC heap after
{Heap after GC invocations=30 (full 0):
 garbage-first heap   total 262144K, used 199043K [0x00000000e0000000, 0x0000000100000000)
  region size 1024K, 4 young (4096K), 4 survivors (4096K)
 Metaspace       used 70645K, committed 71360K, reserved 393216K
  class space    used 9331K, committed 9664K, reserved 327680K
}

