# JRE version: OpenJDK Runtime Environment Corretto-17.0.10.7.1 (17.0.10+7) (build 17.0.10+7-LTS)
# Java VM: OpenJDK 64-Bit Server VM Corretto-17.0.10.7.1 (17.0.10+7-LTS, mixed mode, sharing, tiered, compressed oops, compressed class ptrs, g1 gc, windows-amd64)
GC Precious Log:
 CPUs: 8 total, 8 available
 Memory: 6086M
 Large Page Support: Disabled
 NUMA Support: Disabled
 Compressed Oops: Enabled (32-bit)
 Heap Region Size: 1M
 Heap Min Capacity: 256M
 Heap Initial Capacity: 256M
 Heap Max Capacity: 512M
 Pre-touch: Disabled
 Parallel Workers: 8
 Concurrent Workers: 2
 Concurrent Refinement Workers: 8
 Periodic GC: Disabled
Heap:
 garbage-first heap   total 433152K, used 193468K [0x00000000e0000000, 0x0000000100000000)
  region size 1024K, 1 young (1024K), 1 survivors (1024K)
 Metaspace       used 95911K, committed 97600K, reserved 458752K
  class space    used 12509K, committed 13120K, reserved 327680K
GC Heap History (20 events):
Event: 524.175 GC heap after
{Heap after GC invocations=63 (full 0):
 garbage-first heap   total 433152K, used 175572K [0x00000000e0000000, 0x0000000100000000)
  region size 1024K, 3 young (3072K), 3 survivors (3072K)
 Metaspace       used 97024K, committed 97792K, reserved 458752K
  class space    used 12671K, committed 13056K, reserved 327680K
}
Event: 528.727 GC heap before
{Heap before GC invocations=64 (full 0):
 garbage-first heap   total 433152K, used 345556K [0x00000000e0000000, 0x0000000100000000)
  region size 1024K, 166 young (169984K), 3 survivors (3072K)
 Metaspace       used 97618K, committed 98432K, reserved 458752K
  class space    used 12709K, committed 13120K, reserved 327680K
}
Event: 528.787 GC heap after
{Heap after GC invocations=65 (full 0):
 garbage-first heap   total 433152K, used 216623K [0x00000000e0000000, 0x0000000100000000)
  region size 1024K, 21 young (21504K), 21 survivors (21504K)
 Metaspace       used 97618K, committed 98432K, reserved 458752K
  class space    used 12709K, committed 13120K, reserved 327680K
}
Event: 528.802 GC heap before
{Heap before GC invocations=65 (full 0):
 garbage-first heap   total 433152K, used 217647K [0x00000000e0000000, 0x0000000100000000)
  region size 1024K, 22 young (22528K), 21 survivors (21504K)
 Metaspace       used 97618K, committed 98432K, reserved 458752K
  class space    used 12709K, committed 13120K, reserved 327680K
}
Event: 528.836 GC heap after
{Heap after GC invocations=66 (full 0):
 garbage-first heap   total 433152K, used 214844K [0x00000000e0000000, 0x0000000100000000)
  region size 1024K, 3 young (3072K), 3 survivors (3072K)
 Metaspace       used 97618K, committed 98432K, reserved 458752K
  class space    used 12709K, committed 13120K, reserved 327680K
}
Event: 529.327 GC heap before
{Heap before GC invocations=66 (full 0):
 garbage-first heap   total 433152K, used 252732K [0x00000000e0000000, 0x0000000100000000)
  region size 1024K, 42 young (43008K), 3 survivors (3072K)
 Metaspace       used 97618K, committed 98432K, reserved 458752K
  class space    used 12709K, committed 13120K, reserved 327680K
}
Event: 529.349 GC heap after
{Heap after GC invocations=67 (full 0):
 garbage-first heap   total 433152K, used 235008K [0x00000000e0000000, 0x0000000100000000)
  region size 1024K, 15 young (15360K), 15 survivors (15360K)
 Metaspace       used 97618K, committed 98432K, reserved 458752K
  class space    used 12709K, committed 13120K, reserved 327680K
}
Event: 530.624 GC heap before
{Heap before GC invocations=68 (full 0):
 garbage-first heap   total 433152K, used 306688K [0x00000000e0000000, 0x0000000100000000)
  region size 1024K, 90 young (92160K), 15 survivors (15360K)
 Metaspace       used 95731K, committed 97600K, reserved 458752K
  class space    used 12483K, committed 13120K, reserved 327680K
}
Event: 530.658 GC heap after
{Heap after GC invocations=69 (full 0):
 garbage-first heap   total 433152K, used 251904K [0x00000000e0000000, 0x0000000100000000)
  region size 1024K, 12 young (12288K), 12 survivors (12288K)
 Metaspace       used 95731K, committed 97600K, reserved 458752K
  class space    used 12483K, committed 13120K, reserved 327680K
}
Event: 530.855 GC heap before
{Heap before GC invocations=69 (full 0):
 garbage-first heap   total 433152K, used 261120K [0x00000000e0000000, 0x0000000100000000)
  region size 1024K, 21 young (21504K), 12 survivors (12288K)
 Metaspace       used 95731K, committed 97600K, reserved 458752K
  class space    used 12483K, committed 13120K, reserved 327680K
}
Event: 530.876 GC heap after
{Heap after GC invocations=70 (full 0):
 garbage-first heap   total 433152K, used 222699K [0x00000000e0000000, 0x0000000100000000)
  region size 1024K, 3 young (3072K), 3 survivors (3072K)
 Metaspace       used 95731K, committed 97600K, reserved 458752K
  class space    used 12483K, committed 13120K, reserved 327680K
}
Event: 531.020 GC heap before
{Heap before GC invocations=70 (full 0):
 garbage-first heap   total 433152K, used 240107K [0x00000000e0000000, 0x0000000100000000)
  region size 1024K, 21 young (21504K), 3 survivors (3072K)
 Metaspace       used 95731K, committed 97600K, reserved 458752K
  class space    used 12483K, committed 13120K, reserved 327680K
}
Event: 531.040 GC heap after
{Heap after GC invocations=71 (full 0):
 garbage-first heap   total 433152K, used 211968K [0x00000000e0000000, 0x0000000100000000)
  region size 1024K, 3 young (3072K), 3 survivors (3072K)
 Metaspace       used 95731K, committed 97600K, reserved 458752K
  class space    used 12483K, committed 13120K, reserved 327680K
}
Event: 531.912 GC heap before
{Heap before GC invocations=71 (full 0):
 garbage-first heap   total 433152K, used 257024K [0x00000000e0000000, 0x0000000100000000)
  region size 1024K, 48 young (49152K), 3 survivors (3072K)
 Metaspace       used 95799K, committed 97600K, reserved 458752K
  class space    used 12493K, committed 13120K, reserved 327680K
}
Event: 531.929 GC heap after
{Heap after GC invocations=72 (full 0):
 garbage-first heap   total 433152K, used 227165K [0x00000000e0000000, 0x0000000100000000)
  region size 1024K, 12 young (12288K), 12 survivors (12288K)
 Metaspace       used 95799K, committed 97600K, reserved 458752K
  class space    used 12493K, committed 13120K, reserved 327680K
}
Event: 533.040 GC heap before
{Heap before GC invocations=73 (full 0):
 garbage-first heap   total 433152K, used 306013K [0x00000000e0000000, 0x0000000100000000)
  region size 1024K, 95 young (97280K), 12 survivors (12288K)
 Metaspace       used 95897K, committed 97600K, reserved 458752K
  class space    used 12509K, committed 13120K, reserved 327680K
}
Event: 533.062 GC heap after
{Heap after GC invocations=74 (full 0):
 garbage-first heap   total 433152K, used 229961K [0x00000000e0000000, 0x0000000100000000)
  region size 1024K, 10 young (10240K), 10 survivors (10240K)
 Metaspace       used 95897K, committed 97600K, reserved 458752K
  class space    used 12509K, committed 13120K, reserved 327680K
}
Event: 533.130 GC heap before
{Heap before GC invocations=74 (full 0):
 garbage-first heap   total 433152K, used 241225K [0x00000000e0000000, 0x0000000100000000)
  region size 1024K, 21 young (21504K), 10 survivors (10240K)
 Metaspace       used 95911K, committed 97600K, reserved 458752K
  class space    used 12509K, committed 13120K, reserved 327680K
}
Event: 533.155 GC heap after
{Heap after GC invocations=75 (full 0):
 garbage-first heap   total 433152K, used 200032K [0x00000000e0000000, 0x0000000100000000)
  region size 1024K, 2 young (2048K), 2 survivors (2048K)
 Metaspace       used 95911K, committed 97600K, reserved 458752K
  class space    used 12509K, committed 13120K, reserved 327680K
}
Event: 533.256 GC heap before
{Heap before GC invocations=75 (full 0):
 garbage-first heap   total 433152K, used 218464K [0x00000000e0000000, 0x0000000100000000)
  region size 1024K, 21 young (21504K), 2 survivors (2048K)
 Metaspace       used 95911K, committed 97600K, reserved 458752K
  class space    used 12509K, committed 13120K, reserved 327680K
}

