# JRE version: OpenJDK Runtime Environment Corretto-17.0.10.7.1 (17.0.10+7) (build 17.0.10+7-LTS)
# Java VM: OpenJDK 64-Bit Server VM Corretto-17.0.10.7.1 (17.0.10+7-LTS, mixed mode, sharing, tiered, compressed oops, compressed class ptrs, g1 gc, windows-amd64)
GC Precious Log:
 CPUs: 8 total, 8 available
 Memory: 6086M
 Large Page Support: Disabled
 NUMA Support: Disabled
 Compressed Oops: Enabled (32-bit)
 Heap Region Size: 1M
 Heap Min Capacity: 8M
 Heap Initial Capacity: 96M
 Heap Max Capacity: 512M
 Pre-touch: Disabled
 Parallel Workers: 8
 Concurrent Workers: 2
 Concurrent Refinement Workers: 8
 Periodic GC: Disabled
Heap:
 garbage-first heap   total 65536K, used 38764K [0x00000000e0000000, 0x0000000100000000)
  region size 1024K, 10 young (10240K), 2 survivors (2048K)
 Metaspace       used 45570K, committed 46016K, reserved 1114112K
  class space    used 6264K, committed 6464K, reserved 1048576K
GC Heap History (20 events):
Event: 4.223 GC heap before
{Heap before GC invocations=2 (full 0):
 garbage-first heap   total 98304K, used 42377K [0x00000000e0000000, 0x0000000100000000)
  region size 1024K, 30 young (30720K), 2 survivors (2048K)
 Metaspace       used 13759K, committed 14016K, reserved 1114112K
  class space    used 1843K, committed 1984K, reserved 1048576K
}
Event: 4.229 GC heap after
{Heap after GC invocations=3 (full 0):
 garbage-first heap   total 98304K, used 15506K [0x00000000e0000000, 0x0000000100000000)
  region size 1024K, 3 young (3072K), 3 survivors (3072K)
 Metaspace       used 13759K, committed 14016K, reserved 1114112K
  class space    used 1843K, committed 1984K, reserved 1048576K
}
Event: 5.869 GC heap before
{Heap before GC invocations=3 (full 0):
 garbage-first heap   total 98304K, used 59538K [0x00000000e0000000, 0x0000000100000000)
  region size 1024K, 46 young (47104K), 3 survivors (3072K)
 Metaspace       used 21117K, committed 21440K, reserved 1114112K
  class space    used 2941K, committed 3072K, reserved 1048576K
}
Event: 5.880 GC heap after
{Heap after GC invocations=4 (full 0):
 garbage-first heap   total 98304K, used 18119K [0x00000000e0000000, 0x0000000100000000)
  region size 1024K, 6 young (6144K), 6 survivors (6144K)
 Metaspace       used 21117K, committed 21440K, reserved 1114112K
  class space    used 2941K, committed 3072K, reserved 1048576K
}
Event: 5.892 GC heap before
{Heap before GC invocations=4 (full 0):
 garbage-first heap   total 98304K, used 18119K [0x00000000e0000000, 0x0000000100000000)
  region size 1024K, 7 young (7168K), 6 survivors (6144K)
 Metaspace       used 21181K, committed 21504K, reserved 1114112K
  class space    used 2946K, committed 3136K, reserved 1048576K
}
Event: 5.901 GC heap after
{Heap after GC invocations=5 (full 0):
 garbage-first heap   total 98304K, used 18369K [0x00000000e0000000, 0x0000000100000000)
  region size 1024K, 3 young (3072K), 3 survivors (3072K)
 Metaspace       used 21181K, committed 21504K, reserved 1114112K
  class space    used 2946K, committed 3136K, reserved 1048576K
}
Event: 6.702 GC heap before
{Heap before GC invocations=6 (full 0):
 garbage-first heap   total 65536K, used 53185K [0x00000000e0000000, 0x0000000100000000)
  region size 1024K, 38 young (38912K), 3 survivors (3072K)
 Metaspace       used 26487K, committed 26816K, reserved 1114112K
  class space    used 3582K, committed 3712K, reserved 1048576K
}
Event: 6.709 GC heap after
{Heap after GC invocations=7 (full 0):
 garbage-first heap   total 65536K, used 20669K [0x00000000e0000000, 0x0000000100000000)
  region size 1024K, 3 young (3072K), 3 survivors (3072K)
 Metaspace       used 26487K, committed 26816K, reserved 1114112K
  class space    used 3582K, committed 3712K, reserved 1048576K
}
Event: 7.796 GC heap before
{Heap before GC invocations=7 (full 0):
 garbage-first heap   total 65536K, used 45245K [0x00000000e0000000, 0x0000000100000000)
  region size 1024K, 27 young (27648K), 3 survivors (3072K)
 Metaspace       used 29139K, committed 29504K, reserved 1114112K
  class space    used 3904K, committed 4032K, reserved 1048576K
}
Event: 7.800 GC heap after
{Heap after GC invocations=8 (full 0):
 garbage-first heap   total 65536K, used 22074K [0x00000000e0000000, 0x0000000100000000)
  region size 1024K, 2 young (2048K), 2 survivors (2048K)
 Metaspace       used 29139K, committed 29504K, reserved 1114112K
  class space    used 3904K, committed 4032K, reserved 1048576K
}
Event: 9.031 GC heap before
{Heap before GC invocations=8 (full 0):
 garbage-first heap   total 65536K, used 46650K [0x00000000e0000000, 0x0000000100000000)
  region size 1024K, 26 young (26624K), 2 survivors (2048K)
 Metaspace       used 32625K, committed 33088K, reserved 1114112K
  class space    used 4427K, committed 4672K, reserved 1048576K
}
Event: 9.038 GC heap after
{Heap after GC invocations=9 (full 0):
 garbage-first heap   total 65536K, used 23664K [0x00000000e0000000, 0x0000000100000000)
  region size 1024K, 4 young (4096K), 4 survivors (4096K)
 Metaspace       used 32625K, committed 33088K, reserved 1114112K
  class space    used 4427K, committed 4672K, reserved 1048576K
}
Event: 9.629 GC heap before
{Heap before GC invocations=9 (full 0):
 garbage-first heap   total 65536K, used 38000K [0x00000000e0000000, 0x0000000100000000)
  region size 1024K, 19 young (19456K), 4 survivors (4096K)
 Metaspace       used 35663K, committed 36096K, reserved 1114112K
  class space    used 4887K, committed 5120K, reserved 1048576K
}
Event: 9.636 GC heap after
{Heap after GC invocations=10 (full 0):
 garbage-first heap   total 65536K, used 24954K [0x00000000e0000000, 0x0000000100000000)
  region size 1024K, 4 young (4096K), 4 survivors (4096K)
 Metaspace       used 35663K, committed 36096K, reserved 1114112K
  class space    used 4887K, committed 5120K, reserved 1048576K
}
Event: 10.617 GC heap before
{Heap before GC invocations=11 (full 0):
 garbage-first heap   total 65536K, used 48506K [0x00000000e0000000, 0x0000000100000000)
  region size 1024K, 27 young (27648K), 4 survivors (4096K)
 Metaspace       used 38661K, committed 39104K, reserved 1114112K
  class space    used 5335K, committed 5568K, reserved 1048576K
}
Event: 10.627 GC heap after
{Heap after GC invocations=12 (full 0):
 garbage-first heap   total 65536K, used 27246K [0x00000000e0000000, 0x0000000100000000)
  region size 1024K, 4 young (4096K), 4 survivors (4096K)
 Metaspace       used 38661K, committed 39104K, reserved 1114112K
  class space    used 5335K, committed 5568K, reserved 1048576K
}
Event: 11.583 GC heap before
{Heap before GC invocations=12 (full 0):
 garbage-first heap   total 65536K, used 48750K [0x00000000e0000000, 0x0000000100000000)
  region size 1024K, 25 young (25600K), 4 survivors (4096K)
 Metaspace       used 41709K, committed 42112K, reserved 1114112K
  class space    used 5714K, committed 5888K, reserved 1048576K
}
Event: 11.591 GC heap after
{Heap after GC invocations=13 (full 0):
 garbage-first heap   total 65536K, used 29755K [0x00000000e0000000, 0x0000000100000000)
  region size 1024K, 3 young (3072K), 3 survivors (3072K)
 Metaspace       used 41709K, committed 42112K, reserved 1114112K
  class space    used 5714K, committed 5888K, reserved 1048576K
}
Event: 12.585 GC heap before
{Heap before GC invocations=13 (full 0):
 garbage-first heap   total 65536K, used 50235K [0x00000000e0000000, 0x0000000100000000)
  region size 1024K, 23 young (23552K), 3 survivors (3072K)
 Metaspace       used 44129K, committed 44608K, reserved 1114112K
  class space    used 6064K, committed 6272K, reserved 1048576K
}
Event: 12.593 GC heap after
{Heap after GC invocations=14 (full 0):
 garbage-first heap   total 65536K, used 31596K [0x00000000e0000000, 0x0000000100000000)
  region size 1024K, 2 young (2048K), 2 survivors (2048K)
 Metaspace       used 44129K, committed 44608K, reserved 1114112K
  class space    used 6064K, committed 6272K, reserved 1048576K
}

