# JRE version: OpenJDK Runtime Environment Corretto-17.0.10.7.1 (17.0.10+7) (build 17.0.10+7-LTS)
# Java VM: OpenJDK 64-Bit Server VM Corretto-17.0.10.7.1 (17.0.10+7-LTS, mixed mode, sharing, tiered, compressed oops, compressed class ptrs, g1 gc, windows-amd64)
GC Precious Log:
 CPUs: 8 total, 8 available
 Memory: 6086M
 Large Page Support: Disabled
 NUMA Support: Disabled
 Compressed Oops: Enabled (32-bit)
 Heap Region Size: 1M
 Heap Min Capacity: 256M
 Heap Initial Capacity: 256M
 Heap Max Capacity: 512M
 Pre-touch: Disabled
 Parallel Workers: 8
 Concurrent Workers: 2
 Concurrent Refinement Workers: 8
 Periodic GC: Disabled
Heap:
 garbage-first heap   total 367616K, used 266617K [0x00000000e0000000, 0x0000000100000000)
  region size 1024K, 94 young (96256K), 12 survivors (12288K)
 Metaspace       used 72740K, committed 73664K, reserved 393216K
  class space    used 9790K, committed 10240K, reserved 327680K
GC Heap History (20 events):
Event: 317.266 GC heap before
{Heap before GC invocations=27 (full 0):
 garbage-first heap   total 263168K, used 159070K [0x00000000e0000000, 0x0000000100000000)
  region size 1024K, 12 young (12288K), 8 survivors (8192K)
 Metaspace       used 69468K, committed 70208K, reserved 393216K
  class space    used 9372K, committed 9728K, reserved 327680K
}
Event: 317.358 GC heap after
{Heap after GC invocations=28 (full 0):
 garbage-first heap   total 263168K, used 137044K [0x00000000e0000000, 0x0000000100000000)
  region size 1024K, 2 young (2048K), 2 survivors (2048K)
 Metaspace       used 69468K, committed 70208K, reserved 393216K
  class space    used 9372K, committed 9728K, reserved 327680K
}
Event: 317.716 GC heap before
{Heap before GC invocations=28 (full 0):
 garbage-first heap   total 263168K, used 147284K [0x00000000e0000000, 0x0000000100000000)
  region size 1024K, 12 young (12288K), 2 survivors (2048K)
 Metaspace       used 69472K, committed 70208K, reserved 393216K
  class space    used 9372K, committed 9728K, reserved 327680K
}
Event: 317.830 GC heap after
{Heap after GC invocations=29 (full 0):
 garbage-first heap   total 263168K, used 127971K [0x00000000e0000000, 0x0000000100000000)
  region size 1024K, 2 young (2048K), 2 survivors (2048K)
 Metaspace       used 69472K, committed 70208K, reserved 393216K
  class space    used 9372K, committed 9728K, reserved 327680K
}
Event: 319.511 GC heap before
{Heap before GC invocations=29 (full 0):
 garbage-first heap   total 263168K, used 192483K [0x00000000e0000000, 0x0000000100000000)
  region size 1024K, 65 young (66560K), 2 survivors (2048K)
 Metaspace       used 69508K, committed 70272K, reserved 393216K
  class space    used 9372K, committed 9728K, reserved 327680K
}
Event: 319.530 GC heap after
{Heap after GC invocations=30 (full 0):
 garbage-first heap   total 367616K, used 134263K [0x00000000e0000000, 0x0000000100000000)
  region size 1024K, 9 young (9216K), 9 survivors (9216K)
 Metaspace       used 69508K, committed 70272K, reserved 393216K
  class space    used 9372K, committed 9728K, reserved 327680K
}
Event: 321.143 GC heap before
{Heap before GC invocations=31 (full 0):
 garbage-first heap   total 367616K, used 243831K [0x00000000e0000000, 0x0000000100000000)
  region size 1024K, 125 young (128000K), 9 survivors (9216K)
 Metaspace       used 69514K, committed 70272K, reserved 393216K
  class space    used 9372K, committed 9728K, reserved 327680K
}
Event: 321.167 GC heap after
{Heap after GC invocations=32 (full 0):
 garbage-first heap   total 367616K, used 136440K [0x00000000e0000000, 0x0000000100000000)
  region size 1024K, 16 young (16384K), 16 survivors (16384K)
 Metaspace       used 69514K, committed 70272K, reserved 393216K
  class space    used 9372K, committed 9728K, reserved 327680K
}
Event: 321.175 GC heap before
{Heap before GC invocations=32 (full 0):
 garbage-first heap   total 367616K, used 137464K [0x00000000e0000000, 0x0000000100000000)
  region size 1024K, 17 young (17408K), 16 survivors (16384K)
 Metaspace       used 69514K, committed 70272K, reserved 393216K
  class space    used 9372K, committed 9728K, reserved 327680K
}
Event: 321.233 GC heap after
{Heap after GC invocations=33 (full 0):
 garbage-first heap   total 367616K, used 110010K [0x00000000e0000000, 0x0000000100000000)
  region size 1024K, 3 young (3072K), 3 survivors (3072K)
 Metaspace       used 69514K, committed 70272K, reserved 393216K
  class space    used 9372K, committed 9728K, reserved 327680K
}
Event: 321.494 GC heap before
{Heap before GC invocations=33 (full 0):
 garbage-first heap   total 367616K, used 123322K [0x00000000e0000000, 0x0000000100000000)
  region size 1024K, 17 young (17408K), 3 survivors (3072K)
 Metaspace       used 69514K, committed 70272K, reserved 393216K
  class space    used 9372K, committed 9728K, reserved 327680K
}
Event: 321.499 GC heap after
{Heap after GC invocations=34 (full 0):
 garbage-first heap   total 367616K, used 110014K [0x00000000e0000000, 0x0000000100000000)
  region size 1024K, 2 young (2048K), 2 survivors (2048K)
 Metaspace       used 69514K, committed 70272K, reserved 393216K
  class space    used 9372K, committed 9728K, reserved 327680K
}
Event: 324.852 GC heap before
{Heap before GC invocations=34 (full 0):
 garbage-first heap   total 367616K, used 252350K [0x00000000e0000000, 0x0000000100000000)
  region size 1024K, 141 young (144384K), 2 survivors (2048K)
 Metaspace       used 69615K, committed 70400K, reserved 393216K
  class space    used 9382K, committed 9792K, reserved 327680K
}
Event: 324.872 GC heap after
{Heap after GC invocations=35 (full 0):
 garbage-first heap   total 367616K, used 122729K [0x00000000e0000000, 0x0000000100000000)
  region size 1024K, 14 young (14336K), 14 survivors (14336K)
 Metaspace       used 69615K, committed 70400K, reserved 393216K
  class space    used 9382K, committed 9792K, reserved 327680K
}
Event: 327.334 GC heap before
{Heap before GC invocations=36 (full 0):
 garbage-first heap   total 367616K, used 263017K [0x00000000e0000000, 0x0000000100000000)
  region size 1024K, 150 young (153600K), 14 survivors (14336K)
 Metaspace       used 69822K, committed 70656K, reserved 393216K
  class space    used 9383K, committed 9792K, reserved 327680K
}
Event: 327.419 GC heap after
{Heap after GC invocations=37 (full 0):
 garbage-first heap   total 367616K, used 173241K [0x00000000e0000000, 0x0000000100000000)
  region size 1024K, 19 young (19456K), 19 survivors (19456K)
 Metaspace       used 69822K, committed 70656K, reserved 393216K
  class space    used 9383K, committed 9792K, reserved 327680K
}
Event: 327.436 GC heap before
{Heap before GC invocations=37 (full 0):
 garbage-first heap   total 367616K, used 174265K [0x00000000e0000000, 0x0000000100000000)
  region size 1024K, 20 young (20480K), 19 survivors (19456K)
 Metaspace       used 69823K, committed 70656K, reserved 393216K
  class space    used 9383K, committed 9792K, reserved 327680K
}
Event: 327.467 GC heap after
{Heap after GC invocations=38 (full 0):
 garbage-first heap   total 367616K, used 166614K [0x00000000e0000000, 0x0000000100000000)
  region size 1024K, 2 young (2048K), 2 survivors (2048K)
 Metaspace       used 69823K, committed 70656K, reserved 393216K
  class space    used 9383K, committed 9792K, reserved 327680K
}
Event: 328.239 GC heap before
{Heap before GC invocations=38 (full 0):
 garbage-first heap   total 367616K, used 197334K [0x00000000e0000000, 0x0000000100000000)
  region size 1024K, 33 young (33792K), 2 survivors (2048K)
 Metaspace       used 70039K, committed 70848K, reserved 393216K
  class space    used 9383K, committed 9792K, reserved 327680K
}
Event: 328.252 GC heap after
{Heap after GC invocations=39 (full 0):
 garbage-first heap   total 367616K, used 176505K [0x00000000e0000000, 0x0000000100000000)
  region size 1024K, 12 young (12288K), 12 survivors (12288K)
 Metaspace       used 70039K, committed 70848K, reserved 393216K
  class space    used 9383K, committed 9792K, reserved 327680K
}

