# JRE version: OpenJDK Runtime Environment Corretto-17.0.10.7.1 (17.0.10+7) (build 17.0.10+7-LTS)
# Java VM: OpenJDK 64-Bit Server VM Corretto-17.0.10.7.1 (17.0.10+7-LTS, mixed mode, sharing, tiered, compressed oops, compressed class ptrs, g1 gc, windows-amd64)
GC Precious Log:
 CPUs: 8 total, 8 available
 Memory: 6086M
 Large Page Support: Disabled
 NUMA Support: Disabled
 Compressed Oops: Enabled (32-bit)
 Heap Region Size: 1M
 Heap Min Capacity: 8M
 Heap Initial Capacity: 96M
 Heap Max Capacity: 512M
 Pre-touch: Disabled
 Parallel Workers: 8
 Concurrent Workers: 2
 Concurrent Refinement Workers: 8
 Periodic GC: Disabled
Heap:
 garbage-first heap   total 71680K, used 32252K [0x00000000e0000000, 0x0000000100000000)
  region size 1024K, 5 young (5120K), 3 survivors (3072K)
 Metaspace       used 46128K, committed 46592K, reserved 1114112K
  class space    used 6183K, committed 6400K, reserved 1048576K
GC Heap History (20 events):
Event: 7.731 GC heap before
{Heap before GC invocations=1 (full 0):
 garbage-first heap   total 98304K, used 25586K [0x00000000e0000000, 0x0000000100000000)
  region size 1024K, 15 young (15360K), 3 survivors (3072K)
 Metaspace       used 7074K, committed 7296K, reserved 1114112K
  class space    used 908K, committed 1024K, reserved 1048576K
}
Event: 7.738 GC heap after
{Heap after GC invocations=2 (full 0):
 garbage-first heap   total 98304K, used 15030K [0x00000000e0000000, 0x0000000100000000)
  region size 1024K, 2 young (2048K), 2 survivors (2048K)
 Metaspace       used 7074K, committed 7296K, reserved 1114112K
  class space    used 908K, committed 1024K, reserved 1048576K
}
Event: 9.297 GC heap before
{Heap before GC invocations=2 (full 0):
 garbage-first heap   total 98304K, used 44726K [0x00000000e0000000, 0x0000000100000000)
  region size 1024K, 31 young (31744K), 2 survivors (2048K)
 Metaspace       used 13033K, committed 13312K, reserved 1114112K
  class space    used 1725K, committed 1856K, reserved 1048576K
}
Event: 9.304 GC heap after
{Heap after GC invocations=3 (full 0):
 garbage-first heap   total 98304K, used 16809K [0x00000000e0000000, 0x0000000100000000)
  region size 1024K, 3 young (3072K), 3 survivors (3072K)
 Metaspace       used 13033K, committed 13312K, reserved 1114112K
  class space    used 1725K, committed 1856K, reserved 1048576K
}
Event: 10.707 GC heap before
{Heap before GC invocations=3 (full 0):
 garbage-first heap   total 98304K, used 60841K [0x00000000e0000000, 0x0000000100000000)
  region size 1024K, 46 young (47104K), 3 survivors (3072K)
 Metaspace       used 20441K, committed 20864K, reserved 1114112K
  class space    used 2870K, committed 3072K, reserved 1048576K
}
Event: 10.715 GC heap after
{Heap after GC invocations=4 (full 0):
 garbage-first heap   total 98304K, used 19176K [0x00000000e0000000, 0x0000000100000000)
  region size 1024K, 6 young (6144K), 6 survivors (6144K)
 Metaspace       used 20441K, committed 20864K, reserved 1114112K
  class space    used 2870K, committed 3072K, reserved 1048576K
}
Event: 10.805 GC heap before
{Heap before GC invocations=4 (full 0):
 garbage-first heap   total 98304K, used 22248K [0x00000000e0000000, 0x0000000100000000)
  region size 1024K, 10 young (10240K), 6 survivors (6144K)
 Metaspace       used 21207K, committed 21504K, reserved 1114112K
  class space    used 2949K, committed 3136K, reserved 1048576K
}
Event: 10.811 GC heap after
{Heap after GC invocations=5 (full 0):
 garbage-first heap   total 98304K, used 19667K [0x00000000e0000000, 0x0000000100000000)
  region size 1024K, 3 young (3072K), 3 survivors (3072K)
 Metaspace       used 21207K, committed 21504K, reserved 1114112K
  class space    used 2949K, committed 3136K, reserved 1048576K
}
Event: 11.412 GC heap before
{Heap before GC invocations=6 (full 0):
 garbage-first heap   total 71680K, used 57555K [0x00000000e0000000, 0x0000000100000000)
  region size 1024K, 41 young (41984K), 3 survivors (3072K)
 Metaspace       used 26600K, committed 26880K, reserved 1114112K
  class space    used 3594K, committed 3712K, reserved 1048576K
}
Event: 11.419 GC heap after
{Heap after GC invocations=7 (full 0):
 garbage-first heap   total 71680K, used 22032K [0x00000000e0000000, 0x0000000100000000)
  region size 1024K, 6 young (6144K), 6 survivors (6144K)
 Metaspace       used 26600K, committed 26880K, reserved 1114112K
  class space    used 3594K, committed 3712K, reserved 1048576K
}
Event: 12.525 GC heap before
{Heap before GC invocations=7 (full 0):
 garbage-first heap   total 71680K, used 49680K [0x00000000e0000000, 0x0000000100000000)
  region size 1024K, 33 young (33792K), 6 survivors (6144K)
 Metaspace       used 29535K, committed 29824K, reserved 1114112K
  class space    used 3975K, committed 4096K, reserved 1048576K
}
Event: 12.533 GC heap after
{Heap after GC invocations=8 (full 0):
 garbage-first heap   total 71680K, used 23312K [0x00000000e0000000, 0x0000000100000000)
  region size 1024K, 2 young (2048K), 2 survivors (2048K)
 Metaspace       used 29535K, committed 29824K, reserved 1114112K
  class space    used 3975K, committed 4096K, reserved 1048576K
}
Event: 13.839 GC heap before
{Heap before GC invocations=8 (full 0):
 garbage-first heap   total 71680K, used 51984K [0x00000000e0000000, 0x0000000100000000)
  region size 1024K, 30 young (30720K), 2 survivors (2048K)
 Metaspace       used 34788K, committed 35200K, reserved 1114112K
  class space    used 4720K, committed 4928K, reserved 1048576K
}
Event: 13.846 GC heap after
{Heap after GC invocations=9 (full 0):
 garbage-first heap   total 71680K, used 25278K [0x00000000e0000000, 0x0000000100000000)
  region size 1024K, 4 young (4096K), 4 survivors (4096K)
 Metaspace       used 34788K, committed 35200K, reserved 1114112K
  class space    used 4720K, committed 4928K, reserved 1048576K
}
Event: 13.914 GC heap before
{Heap before GC invocations=9 (full 0):
 garbage-first heap   total 71680K, used 28350K [0x00000000e0000000, 0x0000000100000000)
  region size 1024K, 8 young (8192K), 4 survivors (4096K)
 Metaspace       used 35691K, committed 36096K, reserved 1114112K
  class space    used 4838K, committed 5056K, reserved 1048576K
}
Event: 13.920 GC heap after
{Heap after GC invocations=10 (full 0):
 garbage-first heap   total 71680K, used 25762K [0x00000000e0000000, 0x0000000100000000)
  region size 1024K, 1 young (1024K), 1 survivors (1024K)
 Metaspace       used 35691K, committed 36096K, reserved 1114112K
  class space    used 4838K, committed 5056K, reserved 1048576K
}
Event: 14.695 GC heap before
{Heap before GC invocations=11 (full 0):
 garbage-first heap   total 71680K, used 53410K [0x00000000e0000000, 0x0000000100000000)
  region size 1024K, 28 young (28672K), 1 survivors (1024K)
 Metaspace       used 42032K, committed 42496K, reserved 1114112K
  class space    used 5687K, committed 5888K, reserved 1048576K
}
Event: 14.703 GC heap after
{Heap after GC invocations=12 (full 0):
 garbage-first heap   total 71680K, used 29148K [0x00000000e0000000, 0x0000000100000000)
  region size 1024K, 4 young (4096K), 4 survivors (4096K)
 Metaspace       used 42032K, committed 42496K, reserved 1114112K
  class space    used 5687K, committed 5888K, reserved 1048576K
}
Event: 15.452 GC heap before
{Heap before GC invocations=13 (full 0):
 garbage-first heap   total 71680K, used 52700K [0x00000000e0000000, 0x0000000100000000)
  region size 1024K, 28 young (28672K), 4 survivors (4096K)
 Metaspace       used 45801K, committed 46336K, reserved 1114112K
  class space    used 6150K, committed 6400K, reserved 1048576K
}
Event: 15.462 GC heap after
{Heap after GC invocations=14 (full 0):
 garbage-first heap   total 71680K, used 31228K [0x00000000e0000000, 0x0000000100000000)
  region size 1024K, 3 young (3072K), 3 survivors (3072K)
 Metaspace       used 45801K, committed 46336K, reserved 1114112K
  class space    used 6150K, committed 6400K, reserved 1048576K
}

