# JRE version: OpenJDK Runtime Environment Corretto-17.0.10.7.1 (17.0.10+7) (build 17.0.10+7-LTS)
# Java VM: OpenJDK 64-Bit Server VM Corretto-17.0.10.7.1 (17.0.10+7-LTS, mixed mode, sharing, tiered, compressed oops, compressed class ptrs, g1 gc, windows-amd64)
GC Precious Log:
 CPUs: 8 total, 8 available
 Memory: 6086M
 Large Page Support: Disabled
 NUMA Support: Disabled
 Compressed Oops: Enabled (32-bit)
 Heap Region Size: 1M
 Heap Min Capacity: 256M
 Heap Initial Capacity: 256M
 Heap Max Capacity: 512M
 Pre-touch: Disabled
 Parallel Workers: 8
 Concurrent Workers: 2
 Concurrent Refinement Workers: 8
 Periodic GC: Disabled
Heap:
 garbage-first heap   total 262144K, used 128877K [0x00000000e0000000, 0x0000000100000000)
  region size 1024K, 55 young (56320K), 3 survivors (3072K)
 Metaspace       used 63146K, committed 63680K, reserved 393216K
  class space    used 8587K, committed 8832K, reserved 327680K
GC Heap History (18 events):
Event: 1.285 GC heap before
{Heap before GC invocations=0 (full 0):
 garbage-first heap   total 262144K, used 26624K [0x00000000e0000000, 0x0000000100000000)
  region size 1024K, 23 young (23552K), 0 survivors (0K)
 Metaspace       used 3073K, committed 3200K, reserved 393216K
  class space    used 391K, committed 448K, reserved 327680K
}
Event: 1.295 GC heap after
{Heap after GC invocations=1 (full 0):
 garbage-first heap   total 262144K, used 10468K [0x00000000e0000000, 0x0000000100000000)
  region size 1024K, 3 young (3072K), 3 survivors (3072K)
 Metaspace       used 3073K, committed 3200K, reserved 393216K
  class space    used 391K, committed 448K, reserved 327680K
}
Event: 2.163 GC heap before
{Heap before GC invocations=1 (full 0):
 garbage-first heap   total 262144K, used 37092K [0x00000000e0000000, 0x0000000100000000)
  region size 1024K, 29 young (29696K), 3 survivors (3072K)
 Metaspace       used 4050K, committed 4224K, reserved 393216K
  class space    used 491K, committed 576K, reserved 327680K
}
Event: 2.168 GC heap after
{Heap after GC invocations=2 (full 0):
 garbage-first heap   total 262144K, used 11609K [0x00000000e0000000, 0x0000000100000000)
  region size 1024K, 1 young (1024K), 1 survivors (1024K)
 Metaspace       used 4050K, committed 4224K, reserved 393216K
  class space    used 491K, committed 576K, reserved 327680K
}
Event: 6.750 GC heap before
{Heap before GC invocations=2 (full 0):
 garbage-first heap   total 262144K, used 127321K [0x00000000e0000000, 0x0000000100000000)
  region size 1024K, 114 young (116736K), 1 survivors (1024K)
 Metaspace       used 21217K, committed 21504K, reserved 393216K
  class space    used 3107K, committed 3264K, reserved 327680K
}
Event: 6.769 GC heap after
{Heap after GC invocations=3 (full 0):
 garbage-first heap   total 262144K, used 22535K [0x00000000e0000000, 0x0000000100000000)
  region size 1024K, 12 young (12288K), 12 survivors (12288K)
 Metaspace       used 21217K, committed 21504K, reserved 393216K
  class space    used 3107K, committed 3264K, reserved 327680K
}
Event: 10.186 GC heap before
{Heap before GC invocations=4 (full 0):
 garbage-first heap   total 262144K, used 142343K [0x00000000e0000000, 0x0000000100000000)
  region size 1024K, 126 young (129024K), 12 survivors (12288K)
 Metaspace       used 35612K, committed 35968K, reserved 393216K
  class space    used 4951K, committed 5120K, reserved 327680K
}
Event: 10.213 GC heap after
{Heap after GC invocations=5 (full 0):
 garbage-first heap   total 262144K, used 31829K [0x00000000e0000000, 0x0000000100000000)
  region size 1024K, 10 young (10240K), 10 survivors (10240K)
 Metaspace       used 35612K, committed 35968K, reserved 393216K
  class space    used 4951K, committed 5120K, reserved 327680K
}
Event: 15.366 GC heap before
{Heap before GC invocations=6 (full 0):
 garbage-first heap   total 262144K, used 179285K [0x00000000e0000000, 0x0000000100000000)
  region size 1024K, 153 young (156672K), 10 survivors (10240K)
 Metaspace       used 48356K, committed 48832K, reserved 393216K
  class space    used 6903K, committed 7104K, reserved 327680K
}
Event: 15.395 GC heap after
{Heap after GC invocations=7 (full 0):
 garbage-first heap   total 262144K, used 41147K [0x00000000e0000000, 0x0000000100000000)
  region size 1024K, 19 young (19456K), 19 survivors (19456K)
 Metaspace       used 48356K, committed 48832K, reserved 393216K
  class space    used 6903K, committed 7104K, reserved 327680K
}
Event: 19.285 GC heap before
{Heap before GC invocations=7 (full 0):
 garbage-first heap   total 262144K, used 178363K [0x00000000e0000000, 0x0000000100000000)
  region size 1024K, 153 young (156672K), 19 survivors (19456K)
 Metaspace       used 52104K, committed 52672K, reserved 393216K
  class space    used 7176K, committed 7488K, reserved 327680K
}
Event: 19.320 GC heap after
{Heap after GC invocations=8 (full 0):
 garbage-first heap   total 262144K, used 52028K [0x00000000e0000000, 0x0000000100000000)
  region size 1024K, 20 young (20480K), 20 survivors (20480K)
 Metaspace       used 52104K, committed 52672K, reserved 393216K
  class space    used 7176K, committed 7488K, reserved 327680K
}
Event: 21.598 GC heap before
{Heap before GC invocations=8 (full 0):
 garbage-first heap   total 262144K, used 188220K [0x00000000e0000000, 0x0000000100000000)
  region size 1024K, 153 young (156672K), 20 survivors (20480K)
 Metaspace       used 52897K, committed 53504K, reserved 393216K
  class space    used 7178K, committed 7488K, reserved 327680K
}
Event: 21.658 GC heap after
{Heap after GC invocations=9 (full 0):
 garbage-first heap   total 262144K, used 65039K [0x00000000e0000000, 0x0000000100000000)
  region size 1024K, 12 young (12288K), 12 survivors (12288K)
 Metaspace       used 52897K, committed 53504K, reserved 393216K
  class space    used 7178K, committed 7488K, reserved 327680K
}
Event: 24.433 GC heap before
{Heap before GC invocations=9 (full 0):
 garbage-first heap   total 262144K, used 199183K [0x00000000e0000000, 0x0000000100000000)
  region size 1024K, 143 young (146432K), 12 survivors (12288K)
 Metaspace       used 55497K, committed 56064K, reserved 393216K
  class space    used 7585K, committed 7872K, reserved 327680K
}
Event: 24.470 GC heap after
{Heap after GC invocations=10 (full 0):
 garbage-first heap   total 262144K, used 74546K [0x00000000e0000000, 0x0000000100000000)
  region size 1024K, 10 young (10240K), 10 survivors (10240K)
 Metaspace       used 55497K, committed 56064K, reserved 393216K
  class space    used 7585K, committed 7872K, reserved 327680K
}
Event: 26.977 GC heap before
{Heap before GC invocations=10 (full 0):
 garbage-first heap   total 262144K, used 119602K [0x00000000e0000000, 0x0000000100000000)
  region size 1024K, 56 young (57344K), 10 survivors (10240K)
 Metaspace       used 59531K, committed 60096K, reserved 393216K
  class space    used 8216K, committed 8512K, reserved 327680K
}
Event: 26.997 GC heap after
{Heap after GC invocations=11 (full 0):
 garbage-first heap   total 262144K, used 77677K [0x00000000e0000000, 0x0000000100000000)
  region size 1024K, 3 young (3072K), 3 survivors (3072K)
 Metaspace       used 59531K, committed 60096K, reserved 393216K
  class space    used 8216K, committed 8512K, reserved 327680K
}

