# JRE version: OpenJDK Runtime Environment Corretto-17.0.10.7.1 (17.0.10+7) (build 17.0.10+7-LTS)
# Java VM: OpenJDK 64-Bit Server VM Corretto-17.0.10.7.1 (17.0.10+7-LTS, mixed mode, sharing, tiered, compressed oops, compressed class ptrs, g1 gc, windows-amd64)
GC Precious Log:
 CPUs: 8 total, 8 available
 Memory: 6086M
 Large Page Support: Disabled
 NUMA Support: Disabled
 Compressed Oops: Enabled (32-bit)
 Heap Region Size: 1M
 Heap Min Capacity: 8M
 Heap Initial Capacity: 96M
 Heap Max Capacity: 512M
 Pre-touch: Disabled
 Parallel Workers: 8
 Concurrent Workers: 2
 Concurrent Refinement Workers: 8
 Periodic GC: Disabled
Heap:
 garbage-first heap   total 68608K, used 49427K [0x00000000e0000000, 0x0000000100000000)
  region size 1024K, 23 young (23552K), 3 survivors (3072K)
 Metaspace       used 45288K, committed 45824K, reserved 1114112K
  class space    used 6234K, committed 6464K, reserved 1048576K
GC Heap History (20 events):
Event: 3.652 GC heap before
{Heap before GC invocations=1 (full 0):
 garbage-first heap   total 98304K, used 26525K [0x00000000e0000000, 0x0000000100000000)
  region size 1024K, 17 young (17408K), 3 survivors (3072K)
 Metaspace       used 7922K, committed 8192K, reserved 1114112K
  class space    used 1056K, committed 1216K, reserved 1048576K
}
Event: 3.659 GC heap after
{Heap after GC invocations=2 (full 0):
 garbage-first heap   total 98304K, used 13616K [0x00000000e0000000, 0x0000000100000000)
  region size 1024K, 2 young (2048K), 2 survivors (2048K)
 Metaspace       used 7922K, committed 8192K, reserved 1114112K
  class space    used 1056K, committed 1216K, reserved 1048576K
}
Event: 5.044 GC heap before
{Heap before GC invocations=2 (full 0):
 garbage-first heap   total 98304K, used 42288K [0x00000000e0000000, 0x0000000100000000)
  region size 1024K, 30 young (30720K), 2 survivors (2048K)
 Metaspace       used 13427K, committed 13696K, reserved 1114112K
  class space    used 1780K, committed 1920K, reserved 1048576K
}
Event: 5.050 GC heap after
{Heap after GC invocations=3 (full 0):
 garbage-first heap   total 98304K, used 15245K [0x00000000e0000000, 0x0000000100000000)
  region size 1024K, 3 young (3072K), 3 survivors (3072K)
 Metaspace       used 13427K, committed 13696K, reserved 1114112K
  class space    used 1780K, committed 1920K, reserved 1048576K
}
Event: 6.601 GC heap before
{Heap before GC invocations=3 (full 0):
 garbage-first heap   total 98304K, used 60301K [0x00000000e0000000, 0x0000000100000000)
  region size 1024K, 47 young (48128K), 3 survivors (3072K)
 Metaspace       used 21126K, committed 21440K, reserved 1114112K
  class space    used 2940K, committed 3072K, reserved 1048576K
}
Event: 6.611 GC heap after
{Heap after GC invocations=4 (full 0):
 garbage-first heap   total 98304K, used 17830K [0x00000000e0000000, 0x0000000100000000)
  region size 1024K, 6 young (6144K), 6 survivors (6144K)
 Metaspace       used 21126K, committed 21440K, reserved 1114112K
  class space    used 2940K, committed 3072K, reserved 1048576K
}
Event: 6.622 GC heap before
{Heap before GC invocations=4 (full 0):
 garbage-first heap   total 98304K, used 17830K [0x00000000e0000000, 0x0000000100000000)
  region size 1024K, 7 young (7168K), 6 survivors (6144K)
 Metaspace       used 21192K, committed 21504K, reserved 1114112K
  class space    used 2947K, committed 3136K, reserved 1048576K
}
Event: 6.631 GC heap after
{Heap after GC invocations=5 (full 0):
 garbage-first heap   total 98304K, used 18238K [0x00000000e0000000, 0x0000000100000000)
  region size 1024K, 4 young (4096K), 4 survivors (4096K)
 Metaspace       used 21192K, committed 21504K, reserved 1114112K
  class space    used 2947K, committed 3136K, reserved 1048576K
}
Event: 7.392 GC heap before
{Heap before GC invocations=6 (full 0):
 garbage-first heap   total 68608K, used 53054K [0x00000000e0000000, 0x0000000100000000)
  region size 1024K, 40 young (40960K), 4 survivors (4096K)
 Metaspace       used 26524K, committed 26816K, reserved 1114112K
  class space    used 3587K, committed 3712K, reserved 1048576K
}
Event: 7.400 GC heap after
{Heap after GC invocations=7 (full 0):
 garbage-first heap   total 68608K, used 20509K [0x00000000e0000000, 0x0000000100000000)
  region size 1024K, 3 young (3072K), 3 survivors (3072K)
 Metaspace       used 26524K, committed 26816K, reserved 1114112K
  class space    used 3587K, committed 3712K, reserved 1048576K
}
Event: 8.693 GC heap before
{Heap before GC invocations=7 (full 0):
 garbage-first heap   total 68608K, used 47133K [0x00000000e0000000, 0x0000000100000000)
  region size 1024K, 29 young (29696K), 3 survivors (3072K)
 Metaspace       used 29293K, committed 29632K, reserved 1114112K
  class space    used 3932K, committed 4096K, reserved 1048576K
}
Event: 8.698 GC heap after
{Heap after GC invocations=8 (full 0):
 garbage-first heap   total 68608K, used 21958K [0x00000000e0000000, 0x0000000100000000)
  region size 1024K, 2 young (2048K), 2 survivors (2048K)
 Metaspace       used 29293K, committed 29632K, reserved 1114112K
  class space    used 3932K, committed 4096K, reserved 1048576K
}
Event: 10.088 GC heap before
{Heap before GC invocations=8 (full 0):
 garbage-first heap   total 68608K, used 49606K [0x00000000e0000000, 0x0000000100000000)
  region size 1024K, 29 young (29696K), 2 survivors (2048K)
 Metaspace       used 33599K, committed 34048K, reserved 1114112K
  class space    used 4562K, committed 4800K, reserved 1048576K
}
Event: 10.095 GC heap after
{Heap after GC invocations=9 (full 0):
 garbage-first heap   total 68608K, used 23901K [0x00000000e0000000, 0x0000000100000000)
  region size 1024K, 4 young (4096K), 4 survivors (4096K)
 Metaspace       used 33599K, committed 34048K, reserved 1114112K
  class space    used 4562K, committed 4800K, reserved 1048576K
}
Event: 10.453 GC heap before
{Heap before GC invocations=9 (full 0):
 garbage-first heap   total 68608K, used 33117K [0x00000000e0000000, 0x0000000100000000)
  region size 1024K, 14 young (14336K), 4 survivors (4096K)
 Metaspace       used 35661K, committed 36096K, reserved 1114112K
  class space    used 4888K, committed 5120K, reserved 1048576K
}
Event: 10.460 GC heap after
{Heap after GC invocations=10 (full 0):
 garbage-first heap   total 68608K, used 24696K [0x00000000e0000000, 0x0000000100000000)
  region size 1024K, 1 young (1024K), 1 survivors (1024K)
 Metaspace       used 35661K, committed 36096K, reserved 1114112K
  class space    used 4888K, committed 5120K, reserved 1048576K
}
Event: 11.760 GC heap before
{Heap before GC invocations=11 (full 0):
 garbage-first heap   total 68608K, used 51320K [0x00000000e0000000, 0x0000000100000000)
  region size 1024K, 28 young (28672K), 1 survivors (1024K)
 Metaspace       used 39080K, committed 39552K, reserved 1114112K
  class space    used 5373K, committed 5568K, reserved 1048576K
}
Event: 11.765 GC heap after
{Heap after GC invocations=12 (full 0):
 garbage-first heap   total 68608K, used 27275K [0x00000000e0000000, 0x0000000100000000)
  region size 1024K, 4 young (4096K), 4 survivors (4096K)
 Metaspace       used 39080K, committed 39552K, reserved 1114112K
  class space    used 5373K, committed 5568K, reserved 1048576K
}
Event: 13.159 GC heap before
{Heap before GC invocations=12 (full 0):
 garbage-first heap   total 68608K, used 51851K [0x00000000e0000000, 0x0000000100000000)
  region size 1024K, 28 young (28672K), 4 survivors (4096K)
 Metaspace       used 42374K, committed 42880K, reserved 1114112K
  class space    used 5799K, committed 6016K, reserved 1048576K
}
Event: 13.169 GC heap after
{Heap after GC invocations=13 (full 0):
 garbage-first heap   total 68608K, used 29971K [0x00000000e0000000, 0x0000000100000000)
  region size 1024K, 3 young (3072K), 3 survivors (3072K)
 Metaspace       used 42374K, committed 42880K, reserved 1114112K
  class space    used 5799K, committed 6016K, reserved 1048576K
}

