# JRE version: OpenJDK Runtime Environment Corretto-17.0.10.7.1 (17.0.10+7) (build 17.0.10+7-LTS)
# Java VM: OpenJDK 64-Bit Server VM Corretto-17.0.10.7.1 (17.0.10+7-LTS, mixed mode, emulated-client, sharing, tiered, compressed oops, compressed class ptrs, g1 gc, windows-amd64)
GC Precious Log:
 CPUs: 8 total, 8 available
 Memory: 6086M
 Large Page Support: Disabled
 NUMA Support: Disabled
 Compressed Oops: Enabled (32-bit)
 Heap Region Size: 1M
 Heap Min Capacity: 8M
 Heap Initial Capacity: 96M
 Heap Max Capacity: 1522M
 Pre-touch: Disabled
 Parallel Workers: 8
 Concurrent Workers: 2
 Concurrent Refinement Workers: 8
 Periodic GC: Disabled
Heap:
 garbage-first heap   total 98304K, used 17354K [0x00000000a0e00000, 0x0000000100000000)
  region size 1024K, 6 young (6144K), 3 survivors (3072K)
 Metaspace       used 15113K, committed 15360K, reserved 1114112K
  class space    used 2164K, committed 2304K, reserved 1048576K
GC Heap History (6 events):
Event: 2.505 GC heap before
{Heap before GC invocations=0 (full 0):
 garbage-first heap   total 98304K, used 24576K [0x00000000a0e00000, 0x0000000100000000)
  region size 1024K, 23 young (23552K), 0 survivors (0K)
 Metaspace       used 5203K, committed 5376K, reserved 1114112K
  class space    used 616K, committed 704K, reserved 1048576K
}
Event: 2.526 GC heap after
{Heap after GC invocations=1 (full 0):
 garbage-first heap   total 98304K, used 12200K [0x00000000a0e00000, 0x0000000100000000)
  region size 1024K, 3 young (3072K), 3 survivors (3072K)
 Metaspace       used 5203K, committed 5376K, reserved 1114112K
  class space    used 616K, committed 704K, reserved 1048576K
}
Event: 3.922 GC heap before
{Heap before GC invocations=1 (full 0):
 garbage-first heap   total 98304K, used 28584K [0x00000000a0e00000, 0x0000000100000000)
  region size 1024K, 19 young (19456K), 3 survivors (3072K)
 Metaspace       used 9129K, committed 9344K, reserved 1114112K
  class space    used 1187K, committed 1280K, reserved 1048576K
}
Event: 3.933 GC heap after
{Heap after GC invocations=2 (full 0):
 garbage-first heap   total 98304K, used 13511K [0x00000000a0e00000, 0x0000000100000000)
  region size 1024K, 2 young (2048K), 2 survivors (2048K)
 Metaspace       used 9129K, committed 9344K, reserved 1114112K
  class space    used 1187K, committed 1280K, reserved 1048576K
}
Event: 5.348 GC heap before
{Heap before GC invocations=2 (full 0):
 garbage-first heap   total 98304K, used 46279K [0x00000000a0e00000, 0x0000000100000000)
  region size 1024K, 34 young (34816K), 2 survivors (2048K)
 Metaspace       used 14711K, committed 14976K, reserved 1114112K
  class space    used 2113K, committed 2240K, reserved 1048576K
}
Event: 5.359 GC heap after
{Heap after GC invocations=3 (full 0):
 garbage-first heap   total 98304K, used 15306K [0x00000000a0e00000, 0x0000000100000000)
  region size 1024K, 3 young (3072K), 3 survivors (3072K)
 Metaspace       used 14711K, committed 14976K, reserved 1114112K
  class space    used 2113K, committed 2240K, reserved 1048576K
}

